2024-11-05 10:54:30,763 - main - INFO - 开始网络扫描...
2024-11-05 10:54:30,763 - NetworkScanner - INFO - 开始DCP设备发现...
2024-11-05 10:54:30,763 - DCPScanner - ERROR - DCP发现错误: module 'socket' has no attribute 'AF_PACKET'
2024-11-05 10:54:30,764 - NetworkScanner - INFO - 开始拓扑发现...
2024-11-05 10:54:30,764 - main - INFO - 扫描完成，发现 0 个设备
2024-11-05 10:54:30,764 - main - INFO - 结果已保存到: output/reports/scan_result_20241105_105430.json
2024-11-05 10:55:59,506 - main - INFO - 开始网络扫描...
2024-11-05 10:55:59,506 - NetworkScanner - INFO - 开始DCP设备发现...
2024-11-05 10:55:59,506 - DCPScanner - ERROR - DCP发现错误: [Errno 65] No route to host
2024-11-05 10:55:59,506 - NetworkScanner - INFO - 开始拓扑发现...
2024-11-05 10:55:59,507 - main - INFO - 扫描完成，发现 0 个设备
2024-11-05 10:55:59,507 - main - INFO - 结果已保存到: output/reports/scan_result_20241105_105559.json
2024-11-05 10:56:07,181 - main - INFO - 开始网络扫描...
2024-11-05 10:56:07,181 - NetworkScanner - INFO - 开始DCP设备发现...
2024-11-05 10:56:09,182 - NetworkScanner - INFO - 开始拓扑发现...
2024-11-05 10:56:09,183 - main - INFO - 扫描完成，发现 0 个设备
2024-11-05 10:56:09,183 - main - INFO - 结果已保存到: output/reports/scan_result_20241105_105609.json
2024-11-05 10:59:22,540 - main - INFO - 开始网络扫描...
2024-11-05 10:59:22,541 - NetworkScanner - INFO - 开始DCP设备发现...
2024-11-05 10:59:22,541 - DCPScanner - INFO - 使用网络接口: en0
2024-11-05 10:59:22,550 - NetworkScanner - INFO - 开始拓扑发现...
2024-11-05 10:59:22,550 - main - INFO - 扫描完成，发现 0 个设备
2024-11-05 10:59:22,550 - main - INFO - 结果已保存到: output/reports/scan_result_20241105_105922.json
